<?xml version="1.0" encoding="UTF-8"?>
<testng-results skipped="0" failed="0" total="1" passed="1">
  <reporter-output>
  </reporter-output>
  <suite name="SimpleSite_Regression" duration-ms="9519" started-at="2016-03-13T02:23:10Z" finished-at="2016-03-13T02:23:20Z">
    <groups>
    </groups>
    <test name="Local Firefox Test" duration-ms="9519" started-at="2016-03-13T02:23:10Z" finished-at="2016-03-13T02:23:20Z">
      <class name="com.acxiom.tests.mysel">
        <test-method status="PASS" signature="beforemethod(java.lang.String)[pri:0, instance:com.acxiom.tests.mysel@783e6358]" name="beforemethod" is-config="true" duration-ms="5215" started-at="2016-03-12T20:23:10Z" finished-at="2016-03-12T20:23:16Z">
          <params>
            <param index="0">
              <value>
                <![CDATA[Lfirefox]]>
              </value>
            </param>
          </params>
          <reporter-output>
          </reporter-output>
        </test-method> <!-- beforemethod -->
        <test-method status="PASS" signature="hey()[pri:0, instance:com.acxiom.tests.mysel@783e6358]" name="hey" duration-ms="4288" started-at="2016-03-12T20:23:16Z" finished-at="2016-03-12T20:23:20Z">
          <reporter-output>
          </reporter-output>
        </test-method> <!-- hey -->
      </class> <!-- com.acxiom.tests.mysel -->
    </test> <!-- Local Firefox Test -->
  </suite> <!-- SimpleSite_Regression -->
</testng-results>
